Check global input consistency...
Done.
- Finished with read_parameters.
  Reading topology file: /home/charmm-gui/local/GalaxyFill/data/topology_charmm22ph.in
  Reading topology file: /home/charmm-gui/local/GalaxyFill/data/topology_charmm22ph_nt.in
  Reading topology file: /home/charmm-gui/local/GalaxyFill/data/topology_charmm22ph_ct.in
- Finished with read_topology_geo.
  Reading topology file: /home/charmm-gui/local/GalaxyFill/data/topology_eng_charmm22ph.in
  Num_ref_res =    77
- Finished with read_topology_eng.
- Rotamer setup
  Reading rotamer library file  /home/charmm-gui/local/GalaxyFill/data/bbdep02.May.sortlib
  Total number of rotamers in rot lib file      466829
  Reading infile_chi_def file  /home/charmm-gui/local/GalaxyFill/data/def_chi.in
  Random seed =   22778163
Task: local_optimize
 - local_optimize_relax: no
 - local_optimize_sidechain: no
============================================================
  Reading sequence from pdb file: 4o3m_proa.orig_init.pdb
    There seems to be break in chain.  465 A GLY   466 A PRO  C-N bond length is     2.138
    There seems to be break in chain.  567 A ALA   568 A LYS  C-N bond length is    26.300
  Reading pdb file: 4o3m_proa.orig_init.pdb
- Add missing atoms activated.
  Number of added heavy atoms =     0
  Total number of added atoms =     0
  n_unplaced =     0
- Fix type "all" activated: All atoms except ULR/USC are fixed.
- Energy: MM energy activated.
- Add missing atoms activated.
  Number of added heavy atoms =     0
  Total number of added atoms =     0
  n_unplaced =     0
Before optimization, 4o3m_proa.orig_init.pdb ENERGY.0     285663.552
Before optimization, 4o3m_proa.orig_init.pdb ENERGY.1     285663.552        0.000        0.000
Before optimization, 4o3m_proa.orig_init.pdb ENERGY.2.0 230680.678   1485.357   1329.249    206.722  51961.546      0.000      0.000      0.000      0.000      0.000      0.000      0.000      0.000      0.000      0.000      0.000      0.000      0.000      0.000      0.000
After  optimization, 4o3m_proa.orig_init.pdb ENERGY.0       1240.475
After  optimization, 4o3m_proa.orig_init.pdb ENERGY.1       1240.475        0.000        0.000
After  optimization, 4o3m_proa.orig_init.pdb ENERGY.2.0    112.427    608.600    299.156    213.147      7.144      0.000      0.000      0.000      0.000      0.000      0.000      0.000      0.000      0.000      0.000      0.000      0.000      0.000      0.000      0.000
------------------------------------------------------------
Total User Time =     13.943 sec
           0 dy  0 hr  0 min 13.943 sec
------------------------------------------------------------
