 Reading fix_atom_file.
Check global input consistency...
Done.
- Finished with read_parameters.
  Reading topology file: /home/charmm-gui/local/GalaxyFill/data/topology_charmm22ph.in
  Reading topology file: /home/charmm-gui/local/GalaxyFill/data/topology_charmm22ph_nt.in
  Reading topology file: /home/charmm-gui/local/GalaxyFill/data/topology_charmm22ph_ct.in
- Finished with read_topology_geo.
  Reading topology file: /home/charmm-gui/local/GalaxyFill/data/topology_eng_charmm22ph.in
  Num_ref_res =    77
- Finished with read_topology_eng.
- Rotamer setup
  Reading rotamer library file  /home/charmm-gui/local/GalaxyFill/data/bbdep02.May.sortlib
  Total number of rotamers in rot lib file      466829
  Reading infile_chi_def file  /home/charmm-gui/local/GalaxyFill/data/def_chi.in
  Random seed =   22778156
Task: build_initial_model
============================================================
  Reading sequence from pdb file: 4o3m_proa.orig_init.pdb
    There seems to be break in chain.  168 A PHE   169 A ARG  C-N bond length is    30.538
    There seems to be break in chain.  374 A HIS   375 A HIS  C-N bond length is     9.704
    There seems to be break in chain.  432 A ASP   433 A TYR  C-N bond length is     2.474
    There seems to be break in chain.  465 A GLY   466 A PRO  C-N bond length is    42.546
    There seems to be break in chain.  567 A ALA   568 A LYS  C-N bond length is    47.115
  Reading pdb file: 4o3m_proa.orig_init.pdb
- Add missing atoms activated.
  Number of added heavy atoms =     0
  Total number of added atoms =     0
  n_unplaced =     0
- Fix type "all" activated: All atoms except ULR/USC are fixed.
- Energy: MM energy activated.
  Ramachandran score mode is set to "neighbor-dependent".
 - Connecting Loops (trials):   160  168
 - Connecting Loops (trials):   372  374
 - Connecting Loops (trials):   430  432
 - Connecting Loops (trials):   454  465
 - Connecting Loops (trials):   556  567
 - Connecting Terms (trials):   653  659
------------------------------------------------------------
Total User Time =      6.978 sec
           0 dy  0 hr  0 min  6.978 sec
------------------------------------------------------------
